[    0.000000] Initializing cgroup subsys cpuset
[    0.000000] Initializing cgroup subsys cpu
[    0.000000] Initializing cgroup subsys cpuacct
[    0.000000] Linux version 4.4.0-210-generic (buildd@lgw01-amd64-009) (gcc version 5.4.0 20160609 (Ubuntu 5.4.0-6ubuntu1~16.04.12) ) #242-Ubuntu SMP Fri Apr 16 09:57:56 UTC 2021 (Ubuntu 4.4.0-210.242-generic 4.4.262)
[    0.000000] Command line: BOOT_IMAGE=/boot/vmlinuz-4.4.0-210-generic root=LABEL=cloudimg-rootfs ro console=tty1 console=ttyS0
[    0.000000] KERNEL supported cpus:
[    0.000000]   Intel GenuineIntel
[    0.000000]   AMD AuthenticAMD
[    0.000000]   Centaur CentaurHauls
[    0.000000] x86/fpu: Legacy x87 FPU detected.
[    0.000000] e820: BIOS-provided physical RAM map:
[    0.000000] BIOS-e820: [mem 0x0000000000000000-0x000000000009fbff] usable
[    0.000000] BIOS-e820: [mem 0x000000000009fc00-0x000000000009ffff] reserved
[    0.000000] BIOS-e820: [mem 0x00000000000f0000-0x00000000000fffff] reserved
[    0.000000] BIOS-e820: [mem 0x0000000000100000-0x000000003ffeffff] usable
[    0.000000] BIOS-e820: [mem 0x000000003fff0000-0x000000003fffffff] ACPI data
[    0.000000] BIOS-e820: [mem 0x00000000fec00000-0x00000000fec00fff] reserved
[    0.000000] BIOS-e820: [mem 0x00000000fee00000-0x00000000fee00fff] reserved
[    0.000000] BIOS-e820: [mem 0x00000000fffc0000-0x00000000ffffffff] reserved
[    0.000000] NX (Execute Disable) protection: active
[    0.000000] SMBIOS 2.5 present.
[    0.000000] Hypervisor detected: KVM
[    0.000000] e820: last_pfn = 0x3fff0 max_arch_pfn = 0x400000000
[    0.000000] MTRR: Disabled
[    0.000000] x86/PAT: MTRRs disabled, skipping PAT initialization too.
[    0.000000] CPU MTRRs all blank - virtualized system.
[    0.000000] x86/PAT: Configuration [0-7]: WB  WT  UC- UC  WB  WT  UC- UC  
[    0.000000] found SMP MP-table at [mem 0x0009fff0-0x0009ffff] mapped at [ffff88000009fff0]
[    0.000000] Scanning 1 areas for low memory corruption
[    0.000000] RAMDISK: [mem 0x362dc000-0x37165fff]
[    0.000000] ACPI: Early table checksum verification disabled
[    0.000000] ACPI: RSDP 0x00000000000E0000 000024 (v02 VBOX  )
[    0.000000] ACPI: XSDT 0x000000003FFF0030 00003C (v01 VBOX   VBOXXSDT 00000001 ASL  00000061)
[    0.000000] ACPI: FACP 0x000000003FFF00F0 0000F4 (v04 VBOX   VBOXFACP 00000001 ASL  00000061)
[    0.000000] ACPI: DSDT 0x000000003FFF0610 002353 (v02 VBOX   VBOXBIOS 00000002 INTL 20100528)
[    0.000000] ACPI: FACS 0x000000003FFF0200 000040
[    0.000000] ACPI: FACS 0x000000003FFF0200 000040
[    0.000000] ACPI: APIC 0x000000003FFF0240 00005C (v02 VBOX   VBOXAPIC 00000001 ASL  00000061)
[    0.000000] ACPI: SSDT 0x000000003FFF02A0 00036C (v01 VBOX   VBOXCPUT 00000002 INTL 20100528)
[    0.000000] No NUMA configuration found
[    0.000000] Faking a node at [mem 0x0000000000000000-0x000000003ffeffff]
[    0.000000] NODE_DATA(0) allocated [mem 0x3ffeb000-0x3ffeffff]
[    0.000000] kvm-clock: Using msrs 4b564d01 and 4b564d00
[    0.000000] kvm-clock: cpu 0, msr 0:3ffe3001, primary cpu clock
[    0.000000] kvm-clock: using sched offset of 4241137043 cycles
[    0.000000] clocksource: kvm-clock: mask: 0xffffffffffffffff max_cycles: 0x1cd42e4dffb, max_idle_ns: 881590591483 ns
[    0.000000] Zone ranges:
[    0.000000]   DMA      [mem 0x0000000000001000-0x0000000000ffffff]
[    0.000000]   DMA32    [mem 0x0000000001000000-0x000000003ffeffff]
[    0.000000]   Normal   empty
[    0.000000]   Device   empty
[    0.000000] Movable zone start for each node
[    0.000000] Early memory node ranges
[    0.000000]   node   0: [mem 0x0000000000001000-0x000000000009efff]
[    0.000000]   node   0: [mem 0x0000000000100000-0x000000003ffeffff]
[    0.000000] Initmem setup node 0 [mem 0x0000000000001000-0x000000003ffeffff]
[    0.000000] ACPI: PM-Timer IO Port: 0x4008
[    0.000000] IOAPIC[0]: apic_id 2, version 32, address 0xfec00000, GSI 0-23
[    0.000000] ACPI: INT_SRC_OVR (bus 0 bus_irq 0 global_irq 2 dfl dfl)
[    0.000000] ACPI: INT_SRC_OVR (bus 0 bus_irq 9 global_irq 9 low level)
[    0.000000] Using ACPI (MADT) for SMP configuration information
[    0.000000] smpboot: Allowing 2 CPUs, 0 hotplug CPUs
[    0.000000] PM: Registered nosave memory: [mem 0x00000000-0x00000fff]
[    0.000000] PM: Registered nosave memory: [mem 0x0009f000-0x0009ffff]
[    0.000000] PM: Registered nosave memory: [mem 0x000a0000-0x000effff]
[    0.000000] PM: Registered nosave memory: [mem 0x000f0000-0x000fffff]
[    0.000000] e820: [mem 0x40000000-0xfebfffff] available for PCI devices
[    0.000000] Booting paravirtualized kernel on KVM
[    0.000000] clocksource: refined-jiffies: mask: 0xffffffff max_cycles: 0xffffffff, max_idle_ns: 7645519600211568 ns
[    0.000000] setup_percpu: NR_CPUS:512 nr_cpumask_bits:512 nr_cpu_ids:2 nr_node_ids:1
[    0.000000] PERCPU: Embedded 33 pages/cpu @ffff88003fc00000 s95192 r8192 d31784 u1048576
[    0.000000] Built 1 zonelists in Node order, mobility grouping on.  Total pages: 257912
[    0.000000] Policy zone: DMA32
[    0.000000] Kernel command line: BOOT_IMAGE=/boot/vmlinuz-4.4.0-210-generic root=LABEL=cloudimg-rootfs ro console=tty1 console=ttyS0
[    0.000000] PID hash table entries: 4096 (order: 3, 32768 bytes)
[    0.000000] Memory: 997792K/1048120K available (8644K kernel code, 1332K rwdata, 4044K rodata, 1492K init, 1164K bss, 50328K reserved, 0K cma-reserved)
[    0.000000] SLUB: HWalign=64, Order=0-3, MinObjects=0, CPUs=2, Nodes=1
[    0.000000] Kernel/User page tables isolation: enabled
[    0.000000] Hierarchical RCU implementation.
[    0.000000] 	Build-time adjustment of leaf fanout to 64.
[    0.000000] 	RCU restricting CPUs from NR_CPUS=512 to nr_cpu_ids=2.
[    0.000000] RCU: Adjusting geometry for rcu_fanout_leaf=64, nr_cpu_ids=2
[    0.000000] NR_IRQS:33024 nr_irqs:440 16
[    0.000000] Console: colour VGA+ 80x25
[    0.000000] console [tty1] enabled
[    0.000000] console [ttyS0] enabled
[    0.000000] tsc: Detected 2111.998 MHz processor
[    0.725893] Calibrating delay loop (skipped) preset value.. 4223.99 BogoMIPS (lpj=8447992)
[    0.735533] pid_max: default: 32768 minimum: 301
[    0.740457] ACPI: Core revision 20150930
[    0.745939] ACPI: 2 ACPI AML tables successfully acquired and loaded
[    0.756073] Security Framework initialized
[    0.762554] Yama: becoming mindful.
[    0.767107] AppArmor: AppArmor initialized
[    0.773701] Dentry cache hash table entries: 131072 (order: 8, 1048576 bytes)
[    0.794312] Inode-cache hash table entries: 65536 (order: 7, 524288 bytes)
[    0.807590] Mount-cache hash table entries: 2048 (order: 2, 16384 bytes)
[    0.821570] Mountpoint-cache hash table entries: 2048 (order: 2, 16384 bytes)
[    0.837399] Initializing cgroup subsys io
[    0.843890] Initializing cgroup subsys memory
[    0.853803] Initializing cgroup subsys devices
[    0.862208] Initializing cgroup subsys freezer
[    0.870755] Initializing cgroup subsys net_cls
[    0.880539] Initializing cgroup subsys perf_event
[    0.889402] Initializing cgroup subsys net_prio
[    0.898533] Initializing cgroup subsys hugetlb
[    0.904289] Initializing cgroup subsys pids
[    0.931284] mce: CPU supports 0 MCE banks
[    0.939192] Last level iTLB entries: 4KB 64, 2MB 8, 4MB 8
[    0.947989] Last level dTLB entries: 4KB 64, 2MB 0, 4MB 0, 1GB 4
[    0.959637] Spectre V1 : Mitigation: usercopy/swapgs barriers and __user pointer sanitization
[    0.967896] Spectre V2 : Mitigation: Full generic retpoline
[    0.973363] Spectre V2 : Spectre v2 / SpectreRSB mitigation: Filling RSB on context switch
[    0.985256] Speculative Store Bypass: Vulnerable
[    0.993004] SRBDS: Unknown: Dependent on hypervisor status
[    1.003609] MDS: Mitigation: Clear CPU buffers
[    1.088008] Freeing SMP alternatives memory: 36K
[    1.257902] ftrace: allocating 32380 entries in 127 pages
[    2.226152] smpboot: APIC(0) Converting physical 0 to logical package 0
[    2.238603] smpboot: Max logical packages: 1
[    2.262237] ..TIMER: vector=0x30 apic1=0 pin1=2 apic2=-1 pin2=-1
[    2.379665] smpboot: CPU0: Intel(R) Core(TM) i7-8650U CPU @ 1.90GHz (family: 0x6, model: 0x8e, stepping: 0xa)
[    2.395967] Performance Events: unsupported p6 CPU model 142 no PMU driver, software events only.
[    2.573098] KVM setup paravirtual spinlock
[    2.582224] x86: Booting SMP configuration:
[    2.587681] .... node  #0, CPUs:      #1
[    2.595659] kvm-clock: cpu 1, msr 0:3ffe3041, secondary cpu clock
[    2.621726] mce: CPU supports 0 MCE banks
[    2.627689] TSC synchronization [CPU#0 -> CPU#1]:
[    2.633960] Measured 144143 cycles TSC warp between CPUs, turning off TSC clock.
[    2.642950] tsc: Marking TSC unstable due to check_tsc_sync_source failed
[    0.786630] x86: Booted up 1 node, 2 CPUs
[    0.792003] smpboot: Total of 2 processors activated (8447.99 BogoMIPS)
[    0.800924] devtmpfs: initialized
[    0.808389] evm: security.selinux
[    0.812008] evm: security.SMACK64
[    0.816004] evm: security.SMACK64EXEC
[    0.820002] evm: security.SMACK64TRANSMUTE
[    0.824004] evm: security.SMACK64MMAP
[    0.828004] evm: security.ima
[    0.832004] evm: security.capability
[    0.836455] clocksource: jiffies: mask: 0xffffffff max_cycles: 0xffffffff, max_idle_ns: 7645041785100000 ns
[    0.840017] futex hash table entries: 512 (order: 3, 32768 bytes)
[    0.844590] pinctrl core: initialized pinctrl subsystem
[    0.848459] RTC time:  7:21:09, date: 05/18/24
[    0.856408] NET: Registered protocol family 16
[    0.872016] cpuidle: using governor ladder
[    0.888008] cpuidle: using governor menu
[    0.892000] PCCT header not found.
[    0.892282] ACPI: bus type PCI registered
[    0.896010] acpiphp: ACPI Hot Plug PCI Controller Driver version: 0.5
[    0.900579] PCI: Using configuration type 1 for base access
[    0.928365] ACPI: Added _OSI(Module Device)
[    0.932003] ACPI: Added _OSI(Processor Device)
[    0.936002] ACPI: Added _OSI(3.0 _SCP Extensions)
[    0.940003] ACPI: Added _OSI(Processor Aggregator Device)
[    0.945425] ACPI: Executed 1 blocks of module-level executable AML code
[    0.960092] ACPI: Interpreter enabled
[    0.964026] ACPI: (supports S0 S5)
[    0.968005] ACPI: Using IOAPIC for interrupt routing
[    0.972439] PCI: Using host bridge windows from ACPI; if necessary, use "pci=nocrs" and report a bug
[    0.985567] ACPI: PCI Root Bridge [PCI0] (domain 0000 [bus 00-ff])
[    0.988012] acpi PNP0A03:00: _OSC: OS supports [ASPM ClockPM Segments MSI]
[    0.992779] acpi PNP0A03:00: _OSC: not requesting OS control; OS requires [ExtendedConfig ASPM ClockPM MSI]
[    0.996020] acpi PNP0A03:00: fail to add MMCONFIG information, can't access extended PCI configuration space under this bridge.
[    1.000954] PCI host bridge to bus 0000:00
[    1.004008] pci_bus 0000:00: root bus resource [io  0x0000-0x0cf7 window]
[    1.008008] pci_bus 0000:00: root bus resource [io  0x0d00-0xffff window]
[    1.012006] pci_bus 0000:00: root bus resource [mem 0x000a0000-0x000bffff window]
[    1.016007] pci_bus 0000:00: root bus resource [mem 0x40000000-0xfdffffff window]
[    1.020010] pci_bus 0000:00: root bus resource [bus 00-ff]
[    1.033563] pci 0000:00:01.1: legacy IDE quirk: reg 0x10: [io  0x01f0-0x01f7]
[    1.036008] pci 0000:00:01.1: legacy IDE quirk: reg 0x14: [io  0x03f6]
[    1.040008] pci 0000:00:01.1: legacy IDE quirk: reg 0x18: [io  0x0170-0x0177]
[    1.044007] pci 0000:00:01.1: legacy IDE quirk: reg 0x1c: [io  0x0376]
[    1.081723] pci 0000:00:07.0: quirk: [io  0x4000-0x403f] claimed by PIIX4 ACPI
[    1.084051] pci 0000:00:07.0: quirk: [io  0x4100-0x410f] claimed by PIIX4 SMB
[    1.099286] ACPI: PCI Interrupt Link [LNKA] (IRQs 5 9 10 *11)
[    1.107428] ACPI: PCI Interrupt Link [LNKB] (IRQs 5 9 *10 11)
[    1.114317] ACPI: PCI Interrupt Link [LNKC] (IRQs 5 *9 10 11)
[    1.122109] ACPI: PCI Interrupt Link [LNKD] (IRQs 5 9 10 *11)
[    1.129634] ACPI: Enabled 2 GPEs in block 00 to 07
[    1.136065] vgaarb: setting as boot device: PCI:0000:00:02.0
[    1.140000] vgaarb: device added: PCI:0000:00:02.0,decodes=io+mem,owns=io+mem,locks=none
[    1.140007] vgaarb: loaded
[    1.144004] vgaarb: bridge control possible 0000:00:02.0
[    1.148509] SCSI subsystem initialized
[    1.156034] ACPI: bus type USB registered
[    1.160055] usbcore: registered new interface driver usbfs
[    1.164066] usbcore: registered new interface driver hub
[    1.168014] usbcore: registered new device driver usb
[    1.172691] PCI: Using ACPI for IRQ routing
[    1.177078] NetLabel: Initializing
[    1.180002] NetLabel:  domain hash size = 128
[    1.184008] NetLabel:  protocols = UNLABELED CIPSOv4
[    1.188022] NetLabel:  unlabeled traffic allowed by default
[    1.192184] amd_nb: Cannot enumerate AMD northbridges
[    1.196443] clocksource: Switched to clocksource kvm-clock
[    1.223118] AppArmor: AppArmor Filesystem Enabled
[    1.223118] pnp: PnP ACPI init
[    1.223118] pnp: PnP ACPI: found 3 devices
[    1.316216] clocksource: acpi_pm: mask: 0xffffff max_cycles: 0xffffff, max_idle_ns: 2085701024 ns
[    1.320151] NET: Registered protocol family 2
[    1.333759] TCP established hash table entries: 8192 (order: 4, 65536 bytes)
[    1.343476] TCP bind hash table entries: 8192 (order: 5, 131072 bytes)
[    1.347031] TCP: Hash tables configured (established 8192 bind 8192)
[    1.347031] UDP hash table entries: 512 (order: 2, 16384 bytes)
[    1.347031] UDP-Lite hash table entries: 512 (order: 2, 16384 bytes)
[    1.347031] NET: Registered protocol family 1
[    1.347031] pci 0000:00:00.0: Limiting direct PCI/PCI transfers
[    1.347031] pci 0000:00:01.0: Activating ISA DMA hang workarounds
[    1.347031] Unpacking initramfs...
[    1.869443] Freeing initrd memory: 14888K
[    1.875445] clocksource: tsc: mask: 0xffffffffffffffff max_cycles: 0x1e71768ef8b, max_idle_ns: 440795218977 ns
[    1.887646] platform rtc_cmos: registered platform RTC device (no PNP device found)
[    1.897904] Scanning for low memory corruption every 60 seconds
[    1.908428] audit: initializing netlink subsys (disabled)
[    1.915514] audit: type=2000 audit(1716016874.615:1): initialized
[    1.924298] Initialise system trusted keyring
[    1.931184] HugeTLB registered 2 MB page size, pre-allocated 0 pages
[    1.942463] zbud: loaded
[    1.947509] VFS: Disk quotas dquot_6.6.0
[    1.953224] VFS: Dquot-cache hash table entries: 512 (order 0, 4096 bytes)
[    1.962459] squashfs: version 4.0 (2009/01/31) Phillip Lougher
[    1.971918] fuse init (API version 7.23)
[    1.978979] Key type big_key registered
[    1.984419] Allocating IMA MOK and blacklist keyrings.
[    2.010485] Key type asymmetric registered
[    2.016355] Asymmetric key parser 'x509' registered
[    2.022965] Block layer SCSI generic (bsg) driver version 0.4 loaded (major 249)
[    2.032862] io scheduler noop registered
[    2.039265] io scheduler deadline registered (default)
[    2.046306] io scheduler cfq registered
[    2.052295] pci_hotplug: PCI Hot Plug PCI Core version: 0.5
[    2.060110] pciehp: PCI Express Hot Plug Controller Driver version: 0.4
[    2.068923] ACPI: AC Adapter [AC] (on-line)
[    2.075222] input: Power Button as /devices/LNXSYSTM:00/LNXPWRBN:00/input/input0
[    2.085150] ACPI: Power Button [PWRF]
[    2.092201] input: Sleep Button as /devices/LNXSYSTM:00/LNXSLPBN:00/input/input1
[    2.102227] ACPI: Sleep Button [SLPF]
[    2.108669] GHES: HEST is not enabled!
[    2.110387] ACPI: Battery Slot [BAT0] (battery present)
[    2.122911] Serial: 8250/16550 driver, 32 ports, IRQ sharing enabled
[    2.15879] 00:02: ttyS0 at I/O 0x3f8 (irq = 4, base_baud = 115200) is a 16550A
[    2.192120] Linux agpgart interface v0.103
[    2.210502] loop: module loaded
[    2.217935] scsi host0: ata_piix
[    2.224626] scsi host1: ata_piix
[    2.228272] ata1: PATA max UDMA/33 cmd 0x1f0 ctl 0x3f6 bmdma 0xd000 irq 14
[    2.228272] ata2: PATA max UDMA/33 cmd 0x170 ctl 0x376 bmdma 0xd008 irq 15
[    2.245622] libphy: Fixed MDIO Bus: probed
[    2.251603] tun: Universal TUN/TAP device driver, 1.6
[    2.258588] tun: (C) 1999-2004 Max Krasnyansky <maxk@qualcomm.com>
[    2.268149] PPP generic driver version 2.4.2
[    2.277312] ehci_hcd: USB 2.0 'Enhanced' Host Controller (EHCI) Driver
[    2.287955] ehci-pci: EHCI PCI platform driver
[    2.297370] ehci-platform: EHCI generic platform driver
[    2.305778] ohci_hcd: USB 1.1 'Open' Host Controller (OHCI) Driver
[    2.316629] ohci-pci: OHCI PCI platform driver
[    2.324349] ohci-platform: OHCI generic platform driver
[    2.331734] uhci_hcd: USB Universal Host Controller Interface driver
[    2.341031] i8042: PNP: PS/2 Controller [PNP0303:PS2K,PNP0f03:PS2M] at 0x60,0x64 irq 1,12
[    2.357198] serio: i8042 KBD port at 0x60,0x64 irq 1
[    2.365082] serio: i8042 AUX port at 0x60,0x64 irq 12
[    2.371974] mousedev: PS/2 mouse device common for all mice
[    2.382217] input: AT Translated Set 2 keyboard as /devices/platform/i8042/serio0/input/input2
[    2.394530] rtc_cmos rtc_cmos: rtc core: registered rtc_cmos as rtc0
[    2.403359] rtc_cmos rtc_cmos: alarms up to one day, 114 bytes nvram
[    2.411093] i2c /dev entries driver
[    2.415816] device-mapper: uevent: version 1.0.3
[    2.434226] device-mapper: ioctl: 4.34.0-ioctl (2015-10-28) initialised: dm-devel@redhat.com
[    2.444633] ledtrig-cpu: registered to indicate activity on CPUs
[    2.455433] NET: Registered protocol family 10
[    2.495611] NET: Registered protocol family 17
[    2.502674] Key type dns_resolver registered
[    2.511431] registered taskstats version 1
[    2.517411] Loading compiled-in X.509 certificates
[    2.524774] Loaded X.509 cert 'Build time autogenerated kernel key: cf00e047681d67edb2720680708b7d9498083038'
[    2.537096] zswap: loaded using pool lzo/zbud
[    2.549894] Key type trusted registered
[    2.566655] Key type encrypted registered
[    2.572135] AppArmor: AppArmor sha1 policy hashing enabled
[    2.578626] ima: No TPM chip found, activating TPM-bypass!
[    2.586422] ima: Allocated hash algorithm: sha1
[    2.592692] evm: HMAC attrs: 0x1
[    2.598626]   Magic number: 8:908:369
[    2.604986] rtc_cmos rtc_cmos: setting system clock to 2024-05-18 07:21:11 UTC (1716016871)
[    2.616481] BIOS EDD facility v0.16 2004-Jun-25, 0 devices found
[    2.625235] EDD information not available.
[    2.634347] Freeing unused kernel memory: 1492K
[    2.658195] Write protecting the kernel read-only data: 14336k
[    2.676851] Freeing unused kernel memory: 1584K
[    2.683029] Freeing unused kernel memory: 52K
Loading, please wait...
starting version 229
[    2.715538] random: systemd-udevd: uninitialized urandom read (16 bytes read, 11 bits of entropy available)
[    2.716819] random: udevadm: uninitialized urandom read (16 bytes read, 11 bits of entropy available)
[    2.716844] random: udevadm: uninitialized urandom read (16 bytes read, 11 bits of entropy available)
[    2.729499] random: udevadm: uninitialized urandom read (16 bytes read, 11 bits of entropy available)
[    2.729548] random: udevadm: uninitialized urandom read (16 bytes read, 11 bits of entropy available)
[    2.729775] random: udevadm: uninitialized urandom read (16 bytes read, 11 bits of entropy available)
[    2.729893] random: udevadm: uninitialized urandom read (16 bytes read, 11 bits of entropy available)
[    2.729959] random: udevadm: uninitialized urandom read (16 bytes read, 11 bits of entropy available)
[    2.730015] random: udevadm: uninitialized urandom read (16 bytes read, 11 bits of entropy available)
[    2.730106] random: udevadm: uninitialized urandom read (16 bytes read, 11 bits of entropy available)
[    2.885333] e1000: Intel(R) PRO/1000 Network Driver - version 7.3.21-k8-NAPI
[    2.893321] e1000: Copyright (c) 1999-2006 Intel Corporation.
[    2.906221] Fusion MPT base driver 3.04.20
[    2.913450] Copyright (c) 1999-2008 LSI Corporation
[    2.951716] Fusion MPT SPI Host driver 3.04.20
[    3.008351] SSE version of gcm_enc/dec engaged.
[    3.209910] input: ImExPS/2 Generic Explorer Mouse as /devices/platform/i8042/serio1/input/input4
[    3.735369] e1000 0000:00:03.0 eth0: (PCI:33MHz:32-bit) 02:be:82:6b:cc:1d
[    3.748011] e1000 0000:00:03.0 eth0: Intel(R) PRO/1000 Network Connection
[    3.759217] mptbase: ioc0: Initiating bringup
[    3.760424] e1000 0000:00:03.0 enp0s3: renamed from eth0
[    3.860449] ioc0: LSI53C1030 A0: Capabilities={Initiator}
[    4.058207] scsi host2: ioc0: LSI53C1030 A0, FwRev=00000000h, Ports=1, MaxQ=256, IRQ=20
[    4.184506] scsi 2:0:0:0: Direct-Access     VBOX     HARDDISK         1.0  PQ: 0 ANSI: 5
[    4.210485] scsi target2:0:0: Beginning Domain Validation
[    4.224675] scsi target2:0:0: Domain Validation skipping write tests
[    4.231385] scsi target2:0:0: Ending Domain Validation
[    4.237958] scsi target2:0:0: asynchronous
[    4.246123] scsi 2:0:1:0: Direct-Access     VBOX     HARDDISK         1.0  PQ: 0 ANSI: 5
[    4.254581] scsi target2:0:1: Beginning Domain Validation
[    4.268651] scsi target2:0:1: Domain Validation skipping write tests
[    4.275547] scsi target2:0:1: Ending Domain Validation
[    4.282704] scsi target2:0:1: asynchronous
[    4.318253] sd 2:0:0:0: Attached scsi generic sg0 type 0
[    4.325739] sd 2:0:0:0: [sda] 83886080 512-byte logical blocks: (42.9 GB/40.0 GiB)
[    4.335897] sd 2:0:1:0: Attached scsi generic sg1 type 0
[    4.366640] sd 2:0:1:0: [sdb] 20480 512-byte logical blocks: (10.5 MB/10.0 MiB)
[    4.366684] sd 2:0:0:0: [sda] Write Protect is off
[    4.383785] sd 2:0:0:0: [sda] Incomplete mode parameter data
[    4.384604] sd 2:0:1:0: [sdb] Write Protect is off
[    4.385258] sd 2:0:1:0: [sdb] Incomplete mode parameter data
[    4.385260] sd 2:0:1:0: [sdb] Assuming drive cache: write through
[    4.402051] sd 2:0:1:0: [sdb] Attached SCSI disk
[    4.415580] sd 2:0:0:0: [sda] Assuming drive cache: write through
[    4.430316]  sda: sda1
[    4.438298] sd 2:0:0:0: [sda] Attached SCSI disk
Begin: Loading essential drivers ... [    6.263790] md: linear personality registered for level -1
[    6.275734] md: multipath personality registered for level -4
[    6.287138] md: raid0 personality registered for level 0
[    6.312643] md: raid1 personality registered for level 1
[    6.670751] raid6: sse2x1   gen() 54624 MB/s
[    7.681038] raid6: sse2x1   xor() 121329 MB/s
[    9.673222] raid6: sse2x2   gen() 196323 MB/s
[   10.668648] raid6: sse2x2   xor() 135680 MB/s
[   11.739689] raid6: sse2x4   gen() 15678 MB/s
[   11.822173] raid6: sse2x4   xor()  8969 MB/s
[   11.827903] raid6: using algorithm sse2x2 gen() 196323 MB/s
[   11.835165] raid6: .... xor() 135680 MB/s, rmw enabled
[   11.842373] raid6: using ssse3x2 recovery algorithm
[   11.851829] xor: measuring software checksum speed
[   11.896802]    prefetch64-sse: 18262.000 MB/sec
[   11.940085]    generic_sse: 15763.000 MB/sec
[   11.946242] xor: using function: prefetch64-sse (18262.000 MB/sec)
[   11.957340] async_tx: api initialized (async)
[   12.026093] md: raid6 personality registered for level 6
[   12.033954] md: raid5 personality registered for level 5
[   12.042538] md: raid4 personality registered for level 4
[   12.079902] md: raid10 personality registered for level 10
done.
Begin: Running /scripts/init-premount ... done.
Begin: Mounting root file system ... Begin: Running /scripts/local-top ... done.
Begin: Running /scripts/local-premount ... [   12.205449] Btrfs loaded
Scanning for Btrfs filesystems
done.
Warning: fsck not present, so skipping root file system
[   12.283563] EXT4-fs (sda1): mounted filesystem with ordered data mode. Opts: (null)
done.
Begin: Running /scripts/local-bottom ... done.
Begin: Running /scripts/init-bottom ... done.
[   12.549637] systemd[1]: systemd 229 running in system mode. (+PAM +AUDIT +SELINUX +IMA +APPARMOR +SMACK +SYSVINIT +UTMP +LIBCRYPTSETUP +GCRYPT +GNUTLS +ACL +XZ -LZ4 +SECCOMP +BLKID +ELFUTILS +KMOD -IDN)
[   12.570049] systemd[1]: Detected virtualization oracle.
[   12.577052] systemd[1]: Detected architecture x86-64.

Welcome to [1mUbuntu 16.04.7 LTS[0m!

[   12.597974] systemd[1]: Set hostname to <ubuntu>.
[   12.612984] systemd[1]: Initializing machine ID from random generator.
[   12.621238] systemd[1]: Installed transient /etc/machine-id file.
[   12.942373] systemd[1]: Listening on LVM2 poll daemon socket.
[[0;32m  OK  [0m] Listening on LVM2 poll daemon socket.
[   12.955729] systemd[1]: Created slice System Slice.
[[0;32m  OK  [0m] Created slice System Slice.
[   12.969457] systemd[1]: Listening on /dev/initctl Compatibility Named Pipe.
[[0;32m  OK  [0m] Listening on /dev/initctl Compatibility Named Pipe.
[   12.985365] systemd[1]: Started Trigger resolvconf update for networkd DNS.
[[0;32m  OK  [0m] Started Trigger resolvconf update for networkd DNS.
[   13.001693] systemd[1]: Listening on udev Kernel Socket.
[[0;32m  OK  [0m] Listening on udev Kernel Socket.
[   13.014700] systemd[1]: Listening on Journal Audit Socket.
[[0;32m  OK  [0m] Listening on Journal Audit Socket.
[   13.028925] systemd[1]: Reached target Encrypted Volumes.
[[0;32m  OK  [0m] Reached target Encrypted Volumes.
[   13.043796] systemd[1]: Reached target System Time Synchronized.
[[0;32m  OK  [0m] Reached target System Time Synchronized.
[   13.061058] systemd[1]: Listening on Syslog Socket.
[[0;32m  OK  [0m] Listening on Syslog Socket.
[   13.075106] systemd[1]: Listening on Journal Socket (/dev/log).
[[0;32m  OK  [0m] Listening on Journal Socket (/dev/log).
[   13.093032] systemd[1]: Set up automount Arbitrary Executable File Formats File System Automount Point.
[[0;32m  OK  [0m] Set up automount Arbitrary Executab...ats File System Automount Point.
[   13.114598] systemd[1]: Created slice User and Session Slice.
[[0;32m  OK  [0m] Created slice User and Session Slice.
[   13.129804] systemd[1]: Started Forward Password Requests to Wall Directory Watch.
[[0;32m  OK  [0m] Started Forward Password Requests to Wall Directory Watch.
[   13.148162] systemd[1]: Created slice system-serial\x2dgetty.slice.
[[0;32m  OK  [0m] Created slice system-serial\x2dgetty.slice.
[   13.164530] systemd[1]: Listening on Journal Socket.
[[0;32m  OK  [0m] Listening on Journal Socket.
[   13.189293] systemd[1]: Mounting Debug File System...
[   13.201563] random: nonblocking pool is initialized
         Mounting Debug File System...
[   13.214479] systemd[1]: Starting Set console keymap...
         Starting Set console keymap...
[   13.234563] systemd[1]: Starting Load Kernel Modules...
         Starting Load Kernel Modules...
[   13.257134] systemd[1]: Mounting Huge Pages File System...
         Mounting Huge Pages File System...
[   13.274405] Loading iSCSI transport class v2.0-870.
[   13.277486] systemd[1]: Starting Create list of required static device nodes for the current kernel...
         Starting Create list of required st... nodes for the current kernel...
[   13.307967] systemd[1]: Starting Nameserver information manager...
         Starting Nameserver information manager...
[   13.331097] iscsi: registered transport (tcp)
[   13.332230] systemd[1]: Starting Uncomplicated firewall...
         Starting Uncomplicated firewall...
[   13.355414] systemd[1]: Starting Journal Service...
         Starting Journal Service...
[   13.370363] systemd[1]: Mounting POSIX Message Queue File System...
         Mounting POSIX Message Queue File System...
[   13.395980] systemd[1]: Reached target Slices.
[[0;32m  OK  [0m] Reached target Slices.
[   13.416080] systemd[1]: Listening on LVM2 metadata daemon socket.
[[0;32m  OK  [0m] Listening on LVM2 metadata daemon socket.
[   13.436849] systemd[1]: Listening on udev Control Socket.
[[0;32m  OK  [0m] Listening on udev Control Socket.
[   13.461505] systemd[1]: Listening on fsck to fsckd communication Socket.
[[0;32m  OK  [0m] Listening on fsck to fsckd communication Socket.
[   13.497921] systemd[1]: Starting File System Check on Root Device...
         Starting File System Check on Root Device...
[   13.529713] systemd[1]: Reached target Swap.
[[0;32m  OK  [0m] Reached target Swap.
[   13.547920] systemd[1]: Reached target User and Group Name Lookups.
[[   13.570625] iscsi: registered transport (iser)
[0;32m  OK  [0m] Reached target User and Group Name Lookups.
[   13.589771] systemd[1]: Listening on Device-mapper event daemon FIFOs.
[[0;32m  OK  [0m] Listening on Device-mapper event daemon FIFOs.
[   13.628982] systemd[1]: Starting Monitoring of LVM2 mirrors, snapshots etc. using dmeventd or progress polling...
         Starting Monitoring of LVM2 mirrors... dmeventd or progress polling...
[   13.680301] systemd[1]: Mounted Huge Pages File System.
[[0;32m  OK  [0m] Mounted Huge Pages File System.
[   13.704495] systemd[1]: Mounted POSIX Message Queue File System.
[[0;32m  OK  [0m] Mounted POSIX Message Queue File System.
[   13.728842] systemd[1]: Mounted Debug File System.
[[0;32m  OK  [0m] Mounted Debug File System.
[   13.747226] systemd[1]: Started Journal Service.
[[0;32m  OK  [0m] Started Journal Service.
[[0;32m  OK  [0m] Started Set console keymap.
[[0;32m  OK  [0m] Started Load Kernel Modules.
[[0;32m  OK  [0m] Started Create list of required sta...ce nodes for the current kernel.
[[0;32m  OK  [0m] Started Uncomplicated firewall.
[[0;32m  OK  [0m] Started File System Check on Root Device.
[[0;32m  OK  [0m] Started Nameserver information manager.
[[0;32m  OK  [0m] Started LVM2 metadata daemon.
[[0;32m  OK  [0m] Started File System Check Daemon to report status.
         Starting Remount Root and Kernel File Systems...
         Starting Create Static Device Nodes in /dev...
[   13.904524] EXT4-fs (sda1): re-mounted. Opts: (null)
         Mounting FUSE Control File System...
         Starting Apply Kernel Variables...
[[0;32m  OK  [0m] Mounted FUSE Control File System.
[[0;32m  OK  [0m] Started Remount Root and Kernel File Systems.
         Starting udev Coldplug all Devices...
         Starting Load/Save Random Seed...
         Starting Flush Journal to Persistent Storage...
[[0;32m  OK  [0m] Started Monitoring of LVM2 mirrors,...ng dmeventd or progress polling.
[[0;32m  OK  [0m] Started Apply Kernel Variables.
[[0;32m  OK  [0m] Started Load/Save Random Seed.
[[0;32m  OK  [0m] Started Create Static Device Nodes in /dev.
         Starting udev Kernel Device Manager...
[[0;32m  OK  [0m] Reached target Local File Systems (Pre).
[[0;32m  OK  [0m] Reached target Local File Systems.
         Starting LSB: AppArmor initialization...
         Starting Commit a transient machine-id on disk...
         Starting Initial cloud-init job (pre-networking)...
         Starting Set console font and keymap...
         Starting Tell Plymouth To Write Out Runtime Data...
[[0;32m  OK  [0m] Started Flush Journal to Persistent Storage.
[[0;32m  OK  [0m] Started Commit a transient machine-id on disk.
         Starting Create Volatile Files and Directories...
[[0;32m  OK  [0m] Started Tell Plymouth To Write Out Runtime Data.
[[0;32m  OK  [0m] Started udev Kernel Device Manager.
[[0;32m  OK  [0m] Started Create Volatile Files and Directories.
         Starting Update UTMP about System Boot/Shutdown...
[[0;32m  OK  [0m] Started Update UTMP about System Boot/Shutdown.
[[0;32m  OK  [0m] Started udev Coldplug all Devices.
[[0;32m  OK  [0m] Started Dispatch Password Requests to Console Directory Watch.
[[0;32m  OK  [0m] Found device /dev/ttyS0.
[[0;32m  OK  [0m] Listening on Load/Save RF Kill Switch Status /dev/rfkill Watch.
[   17.371867] cloud-init[480]: [[0;32m  OK  [0m] Started LSB: AppArmor initialization.
Cloud-init v. 21.1-19-gbad84ad4-0ubuntu1~16.04.2 running 'init-local' at Sat, 18 May 2024 07:21:25 +0000. Up 16.86 seconds.
         Starting Load AppArmor profiles managed internally by snapd...
[[0;32m  OK  [0m] Started Initial cloud-init job (pre-networking).
[[0;32m  OK  [0m] Started Load AppArmor profiles managed internally by snapd.
[[0;32m  OK  [0m] Reached target Network (Pre).
         Starting Raise network interfaces...
[[0;32m  OK  [0m] Started Set console font and keymap.
[[0;32m  OK  [0m] Created slice system-getty.slice.
[[0;32m  OK  [0m] Started Raise network interfaces.
         Starting Initial cloud-init job (metadata service crawler)...
[[0;32m  OK  [0m] Reached target Network.
[   20.577242] cloud-init[949]: Cloud-init v. 21.1-19-gbad84ad4-0ubuntu1~16.04.2 running 'init' at Sat, 18 May 2024 07:21:28 +0000. Up 19.56 seconds.
[   20.595018] cloud-init[949]: ci-info: ++++++++++++++++++++++++++++++++++++++Net device info++++++++++++++++++++++++++++++++++++++
[   20.601489] cloud-init[949]: ci-info: +--------+------+----------------------------+---------------+--------+-------------------+
[   20.608060] cloud-init[949]: ci-info: | Device |  Up  |          Address           |      Mask     | Scope  |     Hw-Address    |
[   20.615496] cloud-init[949]: ci-info: +--------+------+----------------------------+---------------+--------+-------------------+
[   20.622415] cloud-init[949]: ci-info: | enp0s3 | True |         10.0.2.15          | 255.255.255.0 | global | 02:be:82:6b:cc:1d |
[   20.645598] cloud-init[949]: ci-info: | enp0s3 | True | fe80::be:82ff:fe6b:cc1d/64 |       .       |  link  | 02:be:82:6b:cc:1d |
[   20.647165] cloud-init[949]: ci-info: |   lo   | True |         127.0.0.1          |   255.0.0.0   |  host  |         .         |
[   20.647575] cloud-init[949]: ci-info: |   lo   | True |          ::1/128           |       .       |  host  |         .         |
[   20.648139] cloud-init[949]: ci-info: +--------+------+----------------------------+---------------+--------+-------------------+
[   20.648350] cloud-init[949]: ci-info: +++++++++++++++++++++++++++Route IPv4 info++++++++++++++++++++++++++++
[   20.648745] cloud-init[949]: ci-info: +-------+-------------+----------+---------------+-----------+-------+
[   20.648814] cloud-init[949]: ci-info: | Route | Destination | Gateway  |    Genmask    | Interface | Flags |
[   20.648881] cloud-init[949]: ci-info: +-------+-------------+----------+---------------+-----------+-------+
[   20.648983] cloud-init[949]: ci-info: |   0   |   0.0.0.0   | 10.0.2.2 |    0.0.0.0    |   enp0s3  |   UG  |
[   20.649403] cloud-init[949]: ci-info: |   1   |   10.0.2.0  | 0.0.0.0  | 255.255.255.0 |   enp0s3  |   U   |
[   20.649801] cloud-init[949]: ci-info: +-------+-------------+----------+---------------+-----------+-------+
[   20.650190] cloud-init[949]: ci-info: +++++++++++++++++++Route IPv6 info+++++++++++++++++++
[   20.651283] cloud-init[949]: ci-info: +-------+-------------+---------+-----------+-------+
[   20.651701] cloud-init[949]: ci-info: | Route | Destination | Gateway | Interface | Flags |
[   20.651812] cloud-init[949]: ci-info: +-------+-------------+---------+-----------+-------+
[   20.652210] cloud-init[949]: ci-info: |   0   |  fe80::/64  |    ::   |   enp0s3  |   U   |
[   20.652427] cloud-init[949]: ci-info: |   3   |   ff00::/8  |    ::   |   enp0s3  |   U   |
[   20.652499] cloud-init[949]: ci-info: +-------+-------------+---------+-----------+-------+
[   20.652617] cloud-init[949]: Generating public/private rsa key pair.
[   20.652690] cloud-init[949]: Your identification has been saved in /etc/ssh/ssh_host_rsa_key.
[   20.653126] cloud-init[949]: Your public key has been saved in /etc/ssh/ssh_host_rsa_key.pub.
[   20.653543] cloud-init[949]: The key fingerprint is:
[   20.653973] cloud-init[949]: SHA256:BruQViq0yNWIc3Dax+bx6Fl9fG8ixtjeuxRO1uzMYYY root@ubuntu-xenial
[   20.654479] cloud-init[949]: The key's randomart image is:
[   20.654896] cloud-init[949]: +---[RSA 2048]----+
[   20.655346] cloud-init[949]: | . .             |
[   20.656252] cloud-init[949]: |  * +            |
[   20.656635] cloud-init[949]: | +.= *o          |
[   20.657145] cloud-init[949]: |.o+.+++o. .   +  |
[   20.657681] cloud-init[949]: |..o =o.oS. o E * |
[   20.658211] cloud-init[949]: |   o..oo  = = O .|
[   20.658752] cloud-init[949]: |     o.  . = + * |
[   20.659334] cloud-init[949]: |          o + o  |
[   20.659831] cloud-init[949]: |           . +o  |
[   20.661039] cloud-init[949]: +----[SHA256]-----+
[   20.661577] cloud-init[949]: Generating public/private dsa key pair.
[   20.662174] cloud-init[949]: Your identification has been saved in /etc/ssh/ssh_host_dsa_key.
[   20.662708] cloud-init[949]: Your public key has been saved in /etc/ssh/ssh_host_dsa_key.pub.
[   20.663257] cloud-init[949]: The key fingerprint is:
[   20.663805] cloud-init[949]: SHA256:yjzb0W4xOlbrEZekd97hU3AcDvBxShM9989aGrVvrIM root@ubuntu-xenial
[   20.665138] cloud-init[949]: The key's randomart image is:
[   20.665315] cloud-init[949]: +---[DSA 1024]----+
[   20.665530] cloud-init[949]: |           ..*oo |
[   20.666660] cloud-init[949]: |            o B+o|
[   20.667499] cloud-init[949]: |            .o..*|
[   20.669716] cloud-init[949]: |           o . oo|
[   20.670393] cloud-init[949]: |        S o + .++|
[   20.671060] cloud-init[949]: |     o . .++ ooo*|
[   20.671776] cloud-init[949]: |      = .oo+ ..Oo|
[   20.672792] cloud-init[949]: |       ++oo.E + =|
[   20.672886] cloud-init[949]: |      ...+o   .+ |
[   20.673027] cloud-init[949]: +----[SHA256]-----+
[   20.673667] cloud-init[949]: Generating public/private ecdsa key pair.
[   20.674171] cloud-init[949]: Your identification has been saved in /etc/ssh/ssh_host_ecdsa_key.
[   20.674708] cloud-init[949]: Your public key has been saved in /etc/ssh/ssh_host_ecdsa_key.pub.
[   20.675197] cloud-init[949]: The key fingerprint is:
[   20.675737] cloud-init[949]: SHA256:o51nf7oELv30uECS0XuYsr8zHPYmj1WpS1gdaq2l2bI root@ubuntu-xenial
[   20.676884] cloud-init[949]: The key's randomart image is:
[   20.677369] cloud-init[949]: +---[ECDSA 256]---+
[   20.678021] cloud-init[949]: |                 |
[   20.678604] cloud-init[949]: |         .       |
[   20.678752] cloud-init[949]: |        . .   .  |
[   20.678848] cloud-init[949]: |         o + + o |
[   20.678936] cloud-init[949]: |        S * = *  |
[   20.814095] cloud-init[949]: |       o Xo* O   |
[   20.814441] cloud-init[949]: |      . =oBo@ .  |
[   20.814611] cloud-init[949]: |         ==Xo*.  |
[   20.815299] cloud-init[949]: |          +BE=.  |
[   20.815748] cloud-init[949]: +----[SHA256]-----+
[   20.816431] cloud-init[949]: Generating public/private ed25519 key pair.
[   20.816519] cloud-init[949]: Your identification has been saved in /etc/ssh/ssh_host_ed25519_key.
[   20.817030] cloud-init[949]: Your public key has been saved in /etc/ssh/ssh_host_ed25519_key.pub.
[   20.817473] cloud-init[949]: The key fingerprint is:
[   20.817968] cloud-init[949]: SHA256:ntpM5VM4fgsu4+xR676MVxjITFcZmTq5VGRAruNduvE root@ubuntu-xenial
[   20.818477] cloud-init[949]: The key's randomart image is:
[   20.818559] cloud-init[949]: +--[ED25519 256]--+
[   20.819150] cloud-init[949]: |         .o+==   |
[   20.819624] cloud-init[949]: |        ....=    |
[   20.820686] cloud-init[949]: |       + o.+     |
[   20.821181] cloud-init[949]: |        +.*.     |
[   20.821687] cloud-init[949]: |        S.==o    |
[   20.822192] cloud-init[949]: |       o Oo*.    |
[   20.822696] cloud-init[949]: |        * X..    |
[   20.823201] cloud-init[949]: |       *o*.B .   |
[   20.823891] cloud-init[949]: |      .oB=B.E    |
[   20.824770] cloud-init[949]: +----[SHA256]-----+
[[0;32m  OK  [0m] Started Initial cloud-init job (metadata service crawler).
[[0;32m  OK  [0m] Reached target Cloud-config availability.
[[0;32m  OK  [0m] Reached target System Initialization.
         Starting Socket activation for snappy daemon.
[[0;32m  OK  [0m] Listening on UUID daemon activation socket.
[[0;32m  OK  [0m] Listening on ACPID Listen Socket.
[[0;32m  OK  [0m] Listening on D-Bus System Message Bus Socket.
[[0;32m  OK  [0m] Started Ubuntu Advantage update messaging.
         Starting LXD - unix socket.
[[0;32m  OK  [0m] Started Daily Cleanup of Temporary Directories.
[[0;32m  OK  [0m] Started ACPI Events Check.
[[0;32m  OK  [0m] Reached target Paths.
[[0;32m  OK  [0m] Started Message of the Day.
[[0;32m  OK  [0m] Started Daily apt download activities.
[[0;32m  OK  [0m] Started Daily apt upgrade and clean activities.
[[0;32m  OK  [0m] Reached target Timers.
[[0;32m  OK  [0m] Reached target Network is Online.
         Starting iSCSI initiator daemon (iscsid)...
[[0;32m  OK  [0m] Listening on Socket activation for snappy daemon.
[[0;32m  OK  [0m] Listening on LXD - unix socket.
[[0;32m  OK  [0m] Reached target Sockets.
[[0;32m  OK  [0m] Reached target Basic System.
[[0;32m  OK  [0m] Started D-Bus System Message Bus.
         Starting System Logging Service...
         Starting LSB: MD monitoring daemon...
         Starting Pollinate to seed the pseudo random number generator...
[[0;32m  OK  [0m] Started Deferred execution scheduler.
         Starting LSB: Record successful boot for GRUB...
         Starting Login Service...
         Starting LXD - container startup/shutdown...
[[0;32m  OK  [0m] Started FUSE filesystem for LXC.
[[0;32m  OK  [0m] Started ACPI event daemon.
         Starting Snap Daemon...
         Starting /etc/rc.local Compatibility...
[[0;32m  OK  [0m] Started Regular background program processing daemon.
         Starting Virtualbox guest utils...
         Starting Accounts Service...
[[0;32m  OK  [0m] Started System Logging Service.
[[0;32m  OK  [0m] Started iSCSI initiator daemon (iscsid).
[[0;32m  OK  [0m] Started /etc/rc.local Compatibility.
         Starting Login to default iSCSI targets...
[[0;32m  OK  [0m] Started Login Service.
[[0;32m  OK  [0m] Started Unattended Upgrades Shutdown.
[[0;32m  OK  [0m] Started LSB: MD monitoring daemon.
[[0;32m  OK  [0m] Started LSB: Record successful boot for GRUB.
[[0;32m  OK  [0m] Started LXD - container startup/shutdown.
         Starting Authenticate and Authorize Users to Run Privileged Tasks...
[[0;32m  OK  [0m] Started Login to default iSCSI targets.
[[0;32m  OK  [0m] Reached target Remote File Systems (Pre).
[[0;32m  OK  [0m] Reached target Remote File Systems.
         Starting LSB: Set the CPU Frequency Scaling governor to "ondemand"...
         Starting LSB: automatic crash report generation...
         Starting Permit User Sessions...
         Starting LSB: daemon to balance interrupts for SMP systems...
[[0;32m  OK  [0m] Started Permit User Sessions.
         Starting Hold until boot process finishes up...
         Starting Terminate Plymouth Boot Screen...
[[0;32m  OK  [0m] Started Hold until boot process finishes up.
[[0;32m  OK  [0m] Started Terminate Plymouth Boot Screen.
[[0;32m  OK  [0m] Started LSB: Set the CPU Frequency Scaling governor to "ondemand".
         Starting Set console scheme...
[[0;32m  OK  [0m] Started Serial Getty on ttyS0.
[[0;32m  OK  [0m] Started Getty on tty1.
[[0;32m  OK  [0m] Reached target Login Prompts.
[[0;32m  OK  [0m] Started Set console scheme.
[[0;32m  OK  [0m] Started Authenticate and Authorize Users to Run Privileged Tasks.
[[0;32m  OK  [0m] Started Accounts Service.
[[0;32m  OK  [0m] Started Virtualbox guest utils.
[[0;32m  OK  [0m] Started LSB: automatic crash report generation.
[[0;32m  OK  [0m] Started LSB: daemon to balance interrupts for SMP systems.
[[0;32m  OK  [0m] Started Snap Daemon.
         Starting Wait until snapd is fully seeded...
[[0;32m  OK  [0m] Started Pollinate to seed the pseudo random number generator.
         Starting OpenBSD Secure Shell server...
[[0;32m  OK  [0m] Started OpenBSD Secure Shell server.
[[0;32m  OK  [0m] Created slice User Slice of vagrant.
         Starting User Manager for UID 1000...
[[0;32m  OK  [0m] Started Session 1 of user vagrant.
[[0;32m  OK  [0m] Started User Manager for UID 1000.

Ubuntu 16.04.7 LTS ubuntu-xenial ttyS0

ubuntu-xenial login: [   28.539745] cloud-init[1560]: Generating locales (this might take a while)...
[   30.117421] cloud-init[1560]:   en_US.UTF-8... done
[   30.125159] cloud-init[1560]: Generation complete.
[   30.682677] cloud-init[1560]: Cloud-init v. 21.1-19-gbad84ad4-0ubuntu1~16.04.2 running 'modules:config' at Sat, 18 May 2024 07:21:37 +0000. Up 28.37 seconds.
ci-info: no authorized SSH keys fingerprints found for user ubuntu.
<14>May 18 07:21:40 ec2: 
<14>May 18 07:21:40 ec2: #############################################################
<14>May 18 07:21:40 ec2: -----BEGIN SSH HOST KEY FINGERPRINTS-----
<14>May 18 07:21:40 ec2: 1024 SHA256:yjzb0W4xOlbrEZekd97hU3AcDvBxShM9989aGrVvrIM root@ubuntu-xenial (DSA)
<14>May 18 07:21:40 ec2: 256 SHA256:o51nf7oELv30uECS0XuYsr8zHPYmj1WpS1gdaq2l2bI root@ubuntu-xenial (ECDSA)
<14>May 18 07:21:40 ec2: 256 SHA256:ntpM5VM4fgsu4+xR676MVxjITFcZmTq5VGRAruNduvE root@ubuntu-xenial (ED25519)
<14>May 18 07:21:40 ec2: 2048 SHA256:BruQViq0yNWIc3Dax+bx6Fl9fG8ixtjeuxRO1uzMYYY root@ubuntu-xenial (RSA)
<14>May 18 07:21:40 ec2: -----END SSH HOST KEY FINGERPRINTS-----
<14>May 18 07:21:40 ec2: #############################################################
-----BEGIN SSH HOST KEY KEYS-----
ecdsa-sha2-nistp256 AAAAE2VjZHNhLXNoYTItbmlzdHAyNTYAAAAIbmlzdHAyNTYAAABBBHblMIRF3ryNWUuQ7gopD8xHi9k/2beIiSY7kGwq6OpFhjaytqIPSsrIz8pxFgdzjeFoWzE/BzGDHcJbLOVmHXg= root@ubuntu-xenial
ssh-ed25519 AAAAC3NzaC1lZDI1NTE5AAAAIPVDeXJrNo2K5a6CUBFjdzGlJfLsfSxUHwsc/WkETbgz root@ubuntu-xenial
ssh-rsa AAAAB3NzaC1yc2EAAAADAQABAAABAQC+IzLuMQBGC0s8DFe4KoBEFllHfxL7n6ZwOfOta3spmUe0/vrbLOz1OcrcIlDXeVb+PkgOtLmZdfL7oWiR0BaeaG4dWOByw8u6ossEHI1eQo4tJs0GXi1qZojbL6XOL+1d02ucl3y1j0LdvKketPD0C0wdQD6IhiA/iO8g/1s6rHSyHfmMfRcIqpPowDtG8XyIC4NnjNWpL0yrOo770Wc4DAzOfhthMGbPDqV19GbiR3D8UbmgLwkqB/cRZQZ/yaypnBafMhAH5cgRrCuF+PmeUR8A4UPHUE/+chxkwLwGlN0n/GPc/7vjWRyzUjE5f8oRG5DSOirmai0uUi1V2PQx root@ubuntu-xenial
-----END SSH HOST KEY KEYS-----
[   31.412820] cloud-init[1732]: Cloud-init v. 21.1-19-gbad84ad4-0ubuntu1~16.04.2 running 'modules:final' at Sat, 18 May 2024 07:21:40 +0000. Up 31.13 seconds.
[   31.413108] cloud-init[1732]: ci-info: no authorized SSH keys fingerprints found for user ubuntu.
[   31.413942] cloud-init[1732]: Cloud-init v. 21.1-19-gbad84ad4-0ubuntu1~16.04.2 finished at Sat, 18 May 2024 07:21:40 +0000. Datasource DataSourceNoCloud [seed=/dev/sdb][dsmode=net].  Up 31.40 seconds
